<?xml version="1.0" encoding="UTF-8"?>
<!-- Generated by org.testng.reporters.JUnitReportReporter -->
<testsuite hostname="LAPTOP-NO0U4OHV" failures="0" tests="1" name="scripting.Testcase3" time="18.548" errors="0" timestamp="2022-11-07T14:38:01 CET" skipped="0">
  <testcase classname="scripting.Testcase3" name="tc3" time="18.548"/>
  <system-out/>
</testsuite> <!-- scripting.Testcase3 -->
