<?xml version="1.0" encoding="UTF-8"?>
<!-- Generated by org.testng.reporters.JUnitReportReporter -->
<testsuite hostname="LAPTOP-NO0U4OHV" failures="0" tests="1" name="scripting.Testcase1" time="15.434" errors="0" timestamp="2022-11-07T14:38:01 CET" skipped="0">
  <testcase classname="scripting.Testcase1" name="tcl" time="15.434"/>
  <system-out/>
</testsuite> <!-- scripting.Testcase1 -->
