<?xml version="1.0" encoding="UTF-8"?>
<!-- Generated by org.testng.reporters.JUnitReportReporter -->
<testsuite hostname="LAPTOP-NO0U4OHV" failures="0" tests="1" name="scripting.Testcase2" time="17.405" errors="0" timestamp="2022-12-12T15:23:35 CET" skipped="0">
  <testcase classname="scripting.Testcase2" name="tc2" time="17.405"/>
  <system-out/>
</testsuite> <!-- scripting.Testcase2 -->
